<?xml version="1.0" encoding="UTF-8"?>
<testng-results ignored="0" total="1" passed="1" failed="0" skipped="0">
  <reporter-output>
  </reporter-output>
  <suite started-at="2024-06-14T17:06:32 IST" name="Default suite" finished-at="2024-06-14T17:06:36 IST" duration-ms="4005">
    <groups>
    </groups>
    <test started-at="2024-06-14T17:06:32 IST" name="Default test" finished-at="2024-06-14T17:06:36 IST" duration-ms="4005">
      <class name="api_Udemy_Learning.MultipleFormdata">
        <test-method signature="formdata()[pri:0, instance:api_Udemy_Learning.MultipleFormdata@3c19aaa5]" started-at="2024-06-14T17:06:32 IST" name="formdata" finished-at="2024-06-14T17:06:36 IST" duration-ms="3934" status="PASS">
          <reporter-output>
          </reporter-output>
        </test-method> <!-- formdata -->
      </class> <!-- api_Udemy_Learning.MultipleFormdata -->
    </test> <!-- Default test -->
  </suite> <!-- Default suite -->
</testng-results>
